[0m12:06:25.885599 [debug] [MainThread]: Sending event: {'category': 'dbt', 'action': 'invocation', 'label': 'start', 'context': [<snowplow_tracker.self_describing_json.SelfDescribingJson object at 0x736dfefa7700>, <snowplow_tracker.self_describing_json.SelfDescribingJson object at 0x736dff53f8b0>, <snowplow_tracker.self_describing_json.SelfDescribingJson object at 0x736dff53f850>]}


============================== 12:06:25.887932 | 8136f4c3-9134-4522-99e6-b86fd060d7b0 ==============================
[0m12:06:25.887932 [info ] [MainThread]: Running with dbt=1.7.4
[0m12:06:25.888371 [debug] [MainThread]: running dbt with arguments {'printer_width': '80', 'indirect_selection': 'eager', 'write_json': 'True', 'log_cache_events': 'False', 'partial_parse': 'True', 'cache_selected_only': 'False', 'warn_error': 'None', 'fail_fast': 'False', 'debug': 'False', 'log_path': 'logs', 'profiles_dir': '/home/jmogil/.dbt', 'version_check': 'True', 'use_colors': 'True', 'use_experimental_parser': 'False', 'no_print': 'None', 'quiet': 'False', 'warn_error_options': 'WarnErrorOptions(include=[], exclude=[])', 'introspect': 'True', 'log_format': 'default', 'static_parser': 'True', 'target_path': 'None', 'invocation_command': 'dbt init users', 'send_anonymous_usage_stats': 'True'}
[0m12:06:25.888752 [warn ] [MainThread]: [ConfigFolderDirectory]: Unable to parse dict {'dir': PosixPath('/home/jmogil/.dbt')}
[0m12:06:25.889061 [info ] [MainThread]: Creating dbt configuration folder at 
[0m12:06:25.889848 [debug] [MainThread]: Starter project path: /home/jmogil/code/dbt_learning/.venv_dbt/lib/python3.10/site-packages/dbt/include/starter_project
[0m12:06:25.891756 [info ] [MainThread]: 
Your new dbt project "users" was created!

For more information on how to configure the profiles.yml file,
please consult the dbt documentation here:

  https://docs.getdbt.com/docs/configure-your-profile

One more thing:

Need help? Don't hesitate to reach out to us via GitHub issues or on Slack:

  https://community.getdbt.com/

Happy modeling!

[0m12:06:25.892088 [info ] [MainThread]: Setting up your profile.
[0m12:08:13.122319 [info ] [MainThread]: Profile users written to /home/jmogil/.dbt/profiles.yml using target's profile_template.yml and your supplied values. Run 'dbt debug' to validate the connection.
[0m12:08:13.129965 [debug] [MainThread]: Resource report: {"command_name": "init", "command_success": true, "command_wall_clock_time": 107.2464, "process_user_time": 1.349545, "process_kernel_time": 0.092031, "process_mem_max_rss": "95560", "process_in_blocks": "720", "process_out_blocks": "80"}
[0m12:08:13.130815 [debug] [MainThread]: Command `dbt init` succeeded at 12:08:13.130633 after 107.25 seconds
[0m12:08:13.131324 [debug] [MainThread]: Sending event: {'category': 'dbt', 'action': 'invocation', 'label': 'end', 'context': [<snowplow_tracker.self_describing_json.SelfDescribingJson object at 0x736dfefa7700>, <snowplow_tracker.self_describing_json.SelfDescribingJson object at 0x736dfcc78550>, <snowplow_tracker.self_describing_json.SelfDescribingJson object at 0x736dff53fbb0>]}
[0m12:08:13.131852 [debug] [MainThread]: Flushing usage events
